[20260323_183059] 开始备份...
[20260323_183059] 备份输出: [plugins] feishu_chat: Registered feishu_chat, feishu_chat_members
[plugins] feishu_im: Registered feishu_im_user_message, feishu_im_user_fetch_resource, feishu_im_user_get_messages, feishu_im_user_get_thread_messages, feishu_im_user_search_messages
[plugins] feishu_search: Registered feishu_search_doc_wiki
[plugins] feishu_drive: Registered feishu_drive_file, feishu_doc_comments, feishu_doc_media
[plugins] feishu_wiki: Registered feishu_wiki_space, feishu_wiki_space_node
[plugins] feishu_sheets: Registered feishu_sheet
[plugins] feishu_im: Registered feishu_im_bot_image
[plugins] Registered all OAPI tools (calendar, task, bitable, search, drive, wiki, sheets, im)
[plugins] feishu_doc: Registered feishu_fetch_doc, feishu_create_doc, feishu_update_doc
[plugins] feishu_oauth: Registered feishu_oauth tool
[plugins] feishu_oauth_batch_auth: Registered feishu_oauth_batch_auth tool
Backup archive: /root/openclaw-backups/openclaw_full_20260323_183059.tar.gz
Included 1 path:
- state: ~/.openclaw
Skipped 1 path:
- workspace: ~/.openclaw/workspace (covered by ~/.openclaw)
Created /root/openclaw-backups/openclaw_full_20260323_183059.tar.gz
Archive verification: passed
[20260323_183059] ✅ 备份成功: /root/openclaw-backups/openclaw_full_20260323_183059.tar.gz (6.8M)
[20260323_183059] 备份完成，当前保留 1 个备份
[20260323_184943] ========== 开始备份 ==========
[20260323_184952] ✅ 备份成功: /root/openclaw-backups/openclaw_full_20260323_184943.tar.gz (7.0M)
[20260323_184953] 🔐 加密成功: /root/openclaw-backups/openclaw_full_20260323_184943.tar.gz.gpg (7.0M)
[20260323_184953] 🗑️ 已删除未加密备份文件
[20260323_184953] 📤 开始推送到 GitHub...
[20260323_184957] ✅ GitHub 推送成功 (master)
[20260323_184957] ✅ 备份完成！本地保留 1 个加密备份
[20260323_184957] ========== 备份结束 ==========
[20260324_030001] ========== 开始备份 ==========
[20260324_030116] ✅ 备份成功: /root/openclaw-backups/openclaw_full_20260324_030001.tar.gz (344M)
[20260324_030117] 🔐 加密成功: /root/openclaw-backups/openclaw_full_20260324_030001.tar.gz.gpg (344M)
[20260324_030118] 🗑️ 已删除未加密备份文件
[20260324_030118] 📤 开始推送到 GitHub...
[20260324_030252] ⚠️ GitHub 推送失败
[20260324_030252] ✅ 备份完成！本地保留 2 个加密备份
[20260324_030252] ========== 备份结束 ==========
[20260324_031200] ⚠️ GitHub 推送失败原因：备份文件 344MB 超过 GitHub 100MB 限制
[20260324_095306] ========== 开始备份 ==========
[20260324_095306] 📦 开始打包备份（排除大型外部项目）...
[20260324_095306] ✅ 备份成功: /root/openclaw-backups/openclaw_full_20260324_095306.tar.gz (1.8M)
[20260324_095307] 🔐 加密成功: /root/openclaw-backups/openclaw_full_20260324_095306.tar.gz.gpg (1.8M)
[20260324_095307] 🗑️ 已删除未加密备份文件
[20260324_095307] 📤 开始推送到 GitHub...
[20260324_095432] ⚠️ GitHub 推送失败
[20260324_095432] ✅ 备份完成！本地保留 3 个加密备份
[20260324_095432] ========== 备份结束 ==========
[20260325_030001] ========== 开始备份 ==========
[20260325_030001] 📦 开始打包备份（排除大型外部项目）...
[20260325_030002] ✅ 备份成功: /root/openclaw-backups/openclaw_full_20260325_030001.tar.gz (13M)
[20260325_030002] 🔐 加密成功: /root/openclaw-backups/openclaw_full_20260325_030001.tar.gz.gpg (13M)
[20260325_030002] 🗑️ 已删除未加密备份文件
[20260325_030002] 📤 开始推送到 GitHub...
[20260325_030019] ✅ GitHub 推送成功 (main)
[20260325_030019] ✅ 备份完成！本地保留 4 个加密备份
[20260325_030019] ========== 备份结束 ==========
[20260326_030001] ========== 开始备份 ==========
[20260326_030001] 📦 开始打包备份（排除大型外部项目）...
[20260326_030002] ✅ 备份成功: /root/openclaw-backups/openclaw_full_20260326_030001.tar.gz (14M)
[20260326_030002] 🔐 加密成功: /root/openclaw-backups/openclaw_full_20260326_030001.tar.gz.gpg (14M)
[20260326_030002] 🗑️ 已删除未加密备份文件
[20260326_030002] 📤 开始推送到 GitHub...
[20260326_030007] ✅ GitHub 推送成功 (main)
[20260326_030007] ✅ 备份完成！本地保留 5 个加密备份
[20260326_030007] ========== 备份结束 ==========
